0 info it worked if it ends with ok
1 verbose cli [ 'C:\\Program Files\\nodejs\\node.exe',
1 verbose cli   'C:\\Users\\Carlos Eduardo\\AppData\\Roaming\\npm\\node_modules\\npm\\bin\\npm-cli.js',
1 verbose cli   'run',
1 verbose cli   'lite' ]
2 info using npm@3.10.5
3 info using node@v4.4.3
4 verbose run-script [ 'prelite', 'lite', 'postlite' ]
5 info lifecycle Sorteio@1.0.0~prelite: Sorteio@1.0.0
6 silly lifecycle Sorteio@1.0.0~prelite: no script for prelite, continuing
7 info lifecycle Sorteio@1.0.0~lite: Sorteio@1.0.0
8 verbose lifecycle Sorteio@1.0.0~lite: unsafe-perm in lifecycle true
9 verbose lifecycle Sorteio@1.0.0~lite: PATH: C:\Users\Carlos Eduardo\AppData\Roaming\npm\node_modules\npm\bin\node-gyp-bin;D:\xampp\htdocs\apiTest\Angular\application\front\node_modules\.bin;C:\Program Files\nodejs;C:\Users\Carlos Eduardo\AppData\Roaming\npm\node_modules\npm\bin\node-gyp-bin;D:\xampp\htdocs\apiTest\Angular\application\front\node_modules\.bin;C:\Program Files\nodejs;C:\Program Files (x86)\Common Files\Intel\Shared Files\cpp\bin\Intel64;C:\ProgramData\Oracle\Java\javapath;C:\WINDOWS\system32;C:\WINDOWS;C:\WINDOWS\System32\Wbem;C:\WINDOWS\System32\WindowsPowerShell\v1.0\;C:\Program Files (x86)\EasyFrom Trial;C:\Program Files\TortoiseSVN\bin;%JAVA_HOME%\bin;D:\apache-maven-3.3.3\bin;D:\dev-wordpress\xampp\php;C:\Program Files\nodejs\;D:\xampp\php;C:\Program Files (x86)\Skype\Phone\;C:\Program Files\Git\cmd;C:\Users\Carlos Eduardo\AppData\Roaming\npm;C:\Users\Carlos Eduardo\AppData\Local\Microsoft\WindowsApps;C:\Users\Carlos Eduardo\AppData\Local\atom\bin
10 verbose lifecycle Sorteio@1.0.0~lite: CWD: D:\xampp\htdocs\apiTest\Angular\application\front
11 silly lifecycle Sorteio@1.0.0~lite: Args: [ '/d /s /c', 'lite-server' ]
12 silly lifecycle Sorteio@1.0.0~lite: Returned: code: 1  signal: null
13 info lifecycle Sorteio@1.0.0~lite: Failed to exec lite script
14 verbose stack Error: Sorteio@1.0.0 lite: `lite-server`
14 verbose stack Exit status 1
14 verbose stack     at EventEmitter.<anonymous> (C:\Users\Carlos Eduardo\AppData\Roaming\npm\node_modules\npm\lib\utils\lifecycle.js:242:16)
14 verbose stack     at emitTwo (events.js:87:13)
14 verbose stack     at EventEmitter.emit (events.js:172:7)
14 verbose stack     at ChildProcess.<anonymous> (C:\Users\Carlos Eduardo\AppData\Roaming\npm\node_modules\npm\lib\utils\spawn.js:40:14)
14 verbose stack     at emitTwo (events.js:87:13)
14 verbose stack     at ChildProcess.emit (events.js:172:7)
14 verbose stack     at maybeClose (internal/child_process.js:827:16)
14 verbose stack     at Process.ChildProcess._handle.onexit (internal/child_process.js:211:5)
15 verbose pkgid Sorteio@1.0.0
16 verbose cwd D:\xampp\htdocs\apiTest\Angular\application\front
17 error Windows_NT 10.0.14393
18 error argv "C:\\Program Files\\nodejs\\node.exe" "C:\\Users\\Carlos Eduardo\\AppData\\Roaming\\npm\\node_modules\\npm\\bin\\npm-cli.js" "run" "lite"
19 error node v4.4.3
20 error npm  v3.10.5
21 error code ELIFECYCLE
22 error Sorteio@1.0.0 lite: `lite-server`
22 error Exit status 1
23 error Failed at the Sorteio@1.0.0 lite script 'lite-server'.
23 error Make sure you have the latest version of node.js and npm installed.
23 error If you do, this is most likely a problem with the Sorteio package,
23 error not with npm itself.
23 error Tell the author that this fails on your system:
23 error     lite-server
23 error You can get information on how to open an issue for this project with:
23 error     npm bugs Sorteio
23 error Or if that isn't available, you can get their info via:
23 error     npm owner ls Sorteio
23 error There is likely additional logging output above.
24 verbose exit [ 1, true ]
